Running: C:\Xilinx\14.7\ISE_DS\ISE\bin\nt64\unwrapped\fuse.exe -intstyle ise -incremental -o C:/Users/Juan Camilo Olmos 95/Desktop/procesadormonocicloLDS95/ADRESS_isim_beh.exe -prj C:/Users/Juan Camilo Olmos 95/Desktop/procesadormonocicloLDS95/ADRESS_beh.prj work.ADRESS 
ISim P.20131013 (signature 0x7708f090)
Number of CPUs detected in this system: 4
Turning on mult-threading, number of parallel sub-compilation jobs: 8 
Determining compilation order of HDL files
Parsing VHDL file "C:/Users/Juan Camilo Olmos 95/Desktop/procesadormonocicloLDS95/ADRESS.vhd" into library work
Starting static elaboration
Completed static elaboration
Compiling package standard
Compiling package std_logic_1164
Compiling package std_logic_arith
Compiling package std_logic_unsigned
Compiling package numeric_std
Compiling architecture behavioral of entity adress
Time Resolution for simulation is 1ps.
Waiting for 1 sub-compilation(s) to finish...
Compiled 6 VHDL Units
Built simulation executable C:/Users/Juan Camilo Olmos 95/Desktop/procesadormonocicloLDS95/ADRESS_isim_beh.exe
Fuse Memory Usage: 36012 KB
Fuse CPU Usage: 452 ms
